Module mathematica/10.0 unloaded.
Module mathematica/10.0 loaded.
Module gcc/7.1.0 unloaded.
Module gcc/7.1.0 loaded.
Module boost/1.66.0-gnu7.1-intelmpi2018-python2.7 and 2 dependencies unloaded.
Module boost/1.66.0-gnu7.1-intelmpi2018-python2.7 and 2 dependencies loaded.
Module eigen/3.3.3 unloaded.
Module eigen/3.3.3 loaded.
Module gsl/1.16 unloaded.
Module gsl/1.16 loaded.
Note: Python-2.7.5 is built with GCC, NumPy-1.7.1 and SciPy-0.12.0 are built
with Intel/MKL.
      Please set the number of threads with OMP_NUM_THREADS *and*
MKL_NUM_THREADS. 
Module python/2.7.5-scipy and 1 dependency unloaded.
Module python/2.7.5-scipy and 1 dependency loaded.
300.0
422.784810127
545.569620253
668.35443038
791.139240506
913.924050633
1036.70886076
1159.49367089
xt = xt = xt = 1.06378e-141.06378e-14

xb = xb = -07.8941e-13

xtau = xtau = -0-1.30322e-12

------------------------------
xt = 
2.12757e-14
xb = -0
xtau = -1.30322e-12
---------------
2.12757e-14
xb = -1.57882e-12
xtau = -1.30322e-12
---------------
xt = xt = -0
xb = -0
xtau = -0
---------------
-0
xb = -0
xtau = -0
---------------
xt = run_NUHMSSMNoFV.x: models/NUHMSSMNoFV/flexible_eft/THDM-II/NUHMSSMNoFV_matching_functions_1loop.cpp:342: void flexiblesusy::flexible_eft::match_1loop(const flexiblesusy::NUHMSSMNoFV_mass_eigenstates&, const flexiblesusy::THDMII_mass_eigenstates&, flexiblesusy::THDMII_mass_eigenstates&): Assertion `thdm_instance_1loop.get_ewsb_loop_order() == 1' failed.
run_NUHMSSMNoFV.x: models/NUHMSSMNoFV/flexible_eft/THDM-II/NUHMSSMNoFV_matching_functions_1loop.cpp:342: void flexiblesusy::flexible_eft::match_1loop(const flexiblesusy::NUHMSSMNoFV_mass_eigenstates&, const flexiblesusy::THDMII_mass_eigenstates&, flexiblesusy::THDMII_mass_eigenstates&): Assertion `thdm_instance_1loop.get_ewsb_loop_order() == 1' failed.
run_NUHMSSMNoFV.x: models/NUHMSSMNoFV/flexible_eft/THDM-II/NUHMSSMNoFV_matching_functions_1loop.cpp:342: void flexiblesusy::flexible_eft::match_1loop(const flexiblesusy::NUHMSSMNoFV_mass_eigenstates&, const flexiblesusy::THDMII_mass_eigenstates&, flexiblesusy::THDMII_mass_eigenstates&): Assertion `thdm_instance_1loop.get_ewsb_loop_order() == 1' failed.
run_NUHMSSMNoFV.x: models/NUHMSSMNoFV/flexible_eft/THDM-II/NUHMSSMNoFV_matching_functions_1loop.cpp:342: void flexiblesusy::flexible_eft::match_1loop(const flexiblesusy::NUHMSSMNoFV_mass_eigenstates&, const flexiblesusy::THDMII_mass_eigenstates&, flexiblesusy::THDMII_mass_eigenstates&): Assertion `thdm_instance_1loop.get_ewsb_loop_order() == 1' failed.
run_NUHMSSMNoFV.x: models/NUHMSSMNoFV/flexible_eft/THDM-II/NUHMSSMNoFV_matching_functions_1loop.cpp:342: void flexiblesusy::flexible_eft::match_1loop(const flexiblesusy::NUHMSSMNoFV_mass_eigenstates&, const flexiblesusy::THDMII_mass_eigenstates&, flexiblesusy::THDMII_mass_eigenstates&): Assertion `thdm_instance_1loop.get_ewsb_loop_order() == 1' failed.
-0
xb = 7.8941e-13run_NUHMSSMNoFV.x: models/NUHMSSMNoFV/flexible_eft/THDM-II/NUHMSSMNoFV_matching_functions_1loop.cpp:342: void flexiblesusy::flexible_eft::match_1loop(const flexiblesusy::NUHMSSMNoFV_mass_eigenstates&, const flexiblesusy::THDMII_mass_eigenstates&, flexiblesusy::THDMII_mass_eigenstates&): Assertion `thdm_instance_1loop.get_ewsb_loop_order() == 1' failed.

xtau = 6.51611e-13
---------------
run_NUHMSSMNoFV.x: models/NUHMSSMNoFV/flexible_eft/THDM-II/NUHMSSMNoFV_matching_functions_1loop.cpp:342: void flexiblesusy::flexible_eft::match_1loop(const flexiblesusy::NUHMSSMNoFV_mass_eigenstates&, const flexiblesusy::THDMII_mass_eigenstates&, flexiblesusy::THDMII_mass_eigenstates&): Assertion `thdm_instance_1loop.get_ewsb_loop_order() == 1' failed.
xt = -0
xb = -0
xtau = -0
---------------
run_NUHMSSMNoFV.x: models/NUHMSSMNoFV/flexible_eft/THDM-II/NUHMSSMNoFV_matching_functions_1loop.cpp:342: void flexiblesusy::flexible_eft::match_1loop(const flexiblesusy::NUHMSSMNoFV_mass_eigenstates&, const flexiblesusy::THDMII_mass_eigenstates&, flexiblesusy::THDMII_mass_eigenstates&): Assertion `thdm_instance_1loop.get_ewsb_loop_order() == 1' failed.
1282.27848101
1405.06329114
1527.84810127
1650.63291139
1773.41772152
1896.20253165
2018.98734177
2141.7721519
xt = -0
xb = -3.15764e-12
xtau = -5.21289e-12
---------------
run_NUHMSSMNoFV.x: models/NUHMSSMNoFV/flexible_eft/THDM-II/NUHMSSMNoFV_matching_functions_1loop.cpp:342: void flexiblesusy::flexible_eft::match_1loop(const flexiblesusy::NUHMSSMNoFV_mass_eigenstates&, const flexiblesusy::THDMII_mass_eigenstates&, flexiblesusy::THDMII_mass_eigenstates&): Assertion `thdm_instance_1loop.get_ewsb_loop_order() == 1' failed.
xt = xt = 2.12757e-14
xb = -0
xtau = -0-2.60644e-12
---------------

xb = -0
xtau = 2.60644e-12
---------------
run_NUHMSSMNoFV.x: models/NUHMSSMNoFV/flexible_eft/THDM-II/NUHMSSMNoFV_matching_functions_1loop.cpp:342: void flexiblesusy::flexible_eft::match_1loop(const flexiblesusy::NUHMSSMNoFV_mass_eigenstates&, const flexiblesusy::THDMII_mass_eigenstates&, flexiblesusy::THDMII_mass_eigenstates&): Assertion `thdm_instance_1loop.get_ewsb_loop_order() == 1' failed.
run_NUHMSSMNoFV.x: models/NUHMSSMNoFV/flexible_eft/THDM-II/NUHMSSMNoFV_matching_functions_1loop.cpp:342: void flexiblesusy::flexible_eft::match_1loop(const flexiblesusy::NUHMSSMNoFV_mass_eigenstates&, const flexiblesusy::THDMII_mass_eigenstates&, flexiblesusy::THDMII_mass_eigenstates&): Assertion `thdm_instance_1loop.get_ewsb_loop_order() == 1' failed.
xt = xt = -0
xb = -0
xtau = -2.60644e-12
---------------
2.12757e-14
xb = -0
xtau = -0
---------------
run_NUHMSSMNoFV.x: models/NUHMSSMNoFV/flexible_eft/THDM-II/NUHMSSMNoFV_matching_functions_1loop.cpp:342: void flexiblesusy::flexible_eft::match_1loop(const flexiblesusy::NUHMSSMNoFV_mass_eigenstates&, const flexiblesusy::THDMII_mass_eigenstates&, flexiblesusy::THDMII_mass_eigenstates&): Assertion `thdm_instance_1loop.get_ewsb_loop_order() == 1' failed.
xt = run_NUHMSSMNoFV.x: models/NUHMSSMNoFV/flexible_eft/THDM-II/NUHMSSMNoFV_matching_functions_1loop.cpp:342: void flexiblesusy::flexible_eft::match_1loop(const flexiblesusy::NUHMSSMNoFV_mass_eigenstates&, const flexiblesusy::THDMII_mass_eigenstates&, flexiblesusy::THDMII_mass_eigenstates&): Assertion `thdm_instance_1loop.get_ewsb_loop_order() == 1' failed.
-0
xb = -3.15764e-12
xtau = -0
---------------
run_NUHMSSMNoFV.x: models/NUHMSSMNoFV/flexible_eft/THDM-II/NUHMSSMNoFV_matching_functions_1loop.cpp:342: void flexiblesusy::flexible_eft::match_1loop(const flexiblesusy::NUHMSSMNoFV_mass_eigenstates&, const flexiblesusy::THDMII_mass_eigenstates&, flexiblesusy::THDMII_mass_eigenstates&): Assertion `thdm_instance_1loop.get_ewsb_loop_order() == 1' failed.
xt = -0
xb = 1.57882e-12
xtau = -0
---------------
run_NUHMSSMNoFV.x: models/NUHMSSMNoFV/flexible_eft/THDM-II/NUHMSSMNoFV_matching_functions_1loop.cpp:342: void flexiblesusy::flexible_eft::match_1loop(const flexiblesusy::NUHMSSMNoFV_mass_eigenstates&, const flexiblesusy::THDMII_mass_eigenstates&, flexiblesusy::THDMII_mass_eigenstates&): Assertion `thdm_instance_1loop.get_ewsb_loop_order() == 1' failed.
xt = 4.25513e-14
xb = 3.15764e-12
xtau = -0
---------------
run_NUHMSSMNoFV.x: models/NUHMSSMNoFV/flexible_eft/THDM-II/NUHMSSMNoFV_matching_functions_1loop.cpp:342: void flexiblesusy::flexible_eft::match_1loop(const flexiblesusy::NUHMSSMNoFV_mass_eigenstates&, const flexiblesusy::THDMII_mass_eigenstates&, flexiblesusy::THDMII_mass_eigenstates&): Assertion `thdm_instance_1loop.get_ewsb_loop_order() == 1' failed.
2264.55696203
2387.34177215
2510.12658228
2632.91139241
2755.69620253
2878.48101266
3001.26582278
3124.05063291
xt = 8.51027e-14
xb = -0
xtau = -0
---------------
run_NUHMSSMNoFV.x: models/NUHMSSMNoFV/flexible_eft/THDM-II/NUHMSSMNoFV_matching_functions_1loop.cpp:342: void flexiblesusy::flexible_eft::match_1loop(const flexiblesusy::NUHMSSMNoFV_mass_eigenstates&, const flexiblesusy::THDMII_mass_eigenstates&, flexiblesusy::THDMII_mass_eigenstates&): Assertion `thdm_instance_1loop.get_ewsb_loop_order() == 1' failed.
xt = xt = -4.25513e-14-0
xb = -0

xb = -3.15764e-12xtau = 
-5.21289e-12xtau = 
-2.60644e-12---------------

---------------
run_NUHMSSMNoFV.x: models/NUHMSSMNoFV/flexible_eft/THDM-II/NUHMSSMNoFV_matching_functions_1loop.cpp:342: void flexiblesusy::flexible_eft::match_1loop(const flexiblesusy::NUHMSSMNoFV_mass_eigenstates&, const flexiblesusy::THDMII_mass_eigenstates&, flexiblesusy::THDMII_mass_eigenstates&): Assertion `thdm_instance_1loop.get_ewsb_loop_order() == 1' failed.
run_NUHMSSMNoFV.x: models/NUHMSSMNoFV/flexible_eft/THDM-II/NUHMSSMNoFV_matching_functions_1loop.cpp:342: void flexiblesusy::flexible_eft::match_1loop(const flexiblesusy::NUHMSSMNoFV_mass_eigenstates&, const flexiblesusy::THDMII_mass_eigenstates&, flexiblesusy::THDMII_mass_eigenstates&): Assertion `thdm_instance_1loop.get_ewsb_loop_order() == 1' failed.
xt = 4.25513e-14
xb = -0
xtau = -5.21289e-12
---------------
run_NUHMSSMNoFV.x: models/NUHMSSMNoFV/flexible_eft/THDM-II/NUHMSSMNoFV_matching_functions_1loop.cpp:342: void flexiblesusy::flexible_eft::match_1loop(const flexiblesusy::NUHMSSMNoFV_mass_eigenstates&, const flexiblesusy::THDMII_mass_eigenstates&, flexiblesusy::THDMII_mass_eigenstates&): Assertion `thdm_instance_1loop.get_ewsb_loop_order() == 1' failed.
xt = 4.25513e-14
xb = 3.15764e-12
xtau = -0
---------------
run_NUHMSSMNoFV.x: models/NUHMSSMNoFV/flexible_eft/THDM-II/NUHMSSMNoFV_matching_functions_1loop.cpp:342: void flexiblesusy::flexible_eft::match_1loop(const flexiblesusy::NUHMSSMNoFV_mass_eigenstates&, const flexiblesusy::THDMII_mass_eigenstates&, flexiblesusy::THDMII_mass_eigenstates&): Assertion `thdm_instance_1loop.get_ewsb_loop_order() == 1' failed.
xt = 4.25513e-14
xb = -0
xtau = -5.21289e-12
---------------
run_NUHMSSMNoFV.x: models/NUHMSSMNoFV/flexible_eft/THDM-II/NUHMSSMNoFV_matching_functions_1loop.cpp:342: void flexiblesusy::flexible_eft::match_1loop(const flexiblesusy::NUHMSSMNoFV_mass_eigenstates&, const flexiblesusy::THDMII_mass_eigenstates&, flexiblesusy::THDMII_mass_eigenstates&): Assertion `thdm_instance_1loop.get_ewsb_loop_order() == 1' failed.
xt = 4.25513e-14
xb = -3.15764e-12
xtau = -5.21289e-12
---------------
run_NUHMSSMNoFV.x: models/NUHMSSMNoFV/flexible_eft/THDM-II/NUHMSSMNoFV_matching_functions_1loop.cpp:342: void flexiblesusy::flexible_eft::match_1loop(const flexiblesusy::NUHMSSMNoFV_mass_eigenstates&, const flexiblesusy::THDMII_mass_eigenstates&, flexiblesusy::THDMII_mass_eigenstates&): Assertion `thdm_instance_1loop.get_ewsb_loop_order() == 1' failed.
xt = -0
xb = -0
xtau = -5.21289e-12
---------------
run_NUHMSSMNoFV.x: models/NUHMSSMNoFV/flexible_eft/THDM-II/NUHMSSMNoFV_matching_functions_1loop.cpp:342: void flexiblesusy::flexible_eft::match_1loop(const flexiblesusy::NUHMSSMNoFV_mass_eigenstates&, const flexiblesusy::THDMII_mass_eigenstates&, flexiblesusy::THDMII_mass_eigenstates&): Assertion `thdm_instance_1loop.get_ewsb_loop_order() == 1' failed.
3246.83544304
3492.40506329
3737.97468354
3983.5443038
xt = -0
xb = 6.31528e-12
xtau = 5.21289e-12
---------------
run_NUHMSSMNoFV.x: models/NUHMSSMNoFV/flexible_eft/THDM-II/NUHMSSMNoFV_matching_functions_1loop.cpp:342: void flexiblesusy::flexible_eft::match_1loop(const flexiblesusy::NUHMSSMNoFV_mass_eigenstates&, const flexiblesusy::THDMII_mass_eigenstates&, flexiblesusy::THDMII_mass_eigenstates&): Assertion `thdm_instance_1loop.get_ewsb_loop_order() == 1' failed.
xt = -4.25513e-14
xb = -0
xtau = -0
---------------
run_NUHMSSMNoFV.x: models/NUHMSSMNoFV/flexible_eft/THDM-II/NUHMSSMNoFV_matching_functions_1loop.cpp:342: void flexiblesusy::flexible_eft::match_1loop(const flexiblesusy::NUHMSSMNoFV_mass_eigenstates&, const flexiblesusy::THDMII_mass_eigenstates&, flexiblesusy::THDMII_mass_eigenstates&): Assertion `thdm_instance_1loop.get_ewsb_loop_order() == 1' failed.
xt = -0
xb = 6.31528e-12
xtau = -5.21289e-12
---------------
run_NUHMSSMNoFV.x: models/NUHMSSMNoFV/flexible_eft/THDM-II/NUHMSSMNoFV_matching_functions_1loop.cpp:342: void flexiblesusy::flexible_eft::match_1loop(const flexiblesusy::NUHMSSMNoFV_mass_eigenstates&, const flexiblesusy::THDMII_mass_eigenstates&, flexiblesusy::THDMII_mass_eigenstates&): Assertion `thdm_instance_1loop.get_ewsb_loop_order() == 1' failed.
3369.62025316
3615.18987342
4106.32911392
xt = 4.25513e-14
xb = -0
xtau = -0
---------------
run_NUHMSSMNoFV.x: models/NUHMSSMNoFV/flexible_eft/THDM-II/NUHMSSMNoFV_matching_functions_1loop.cpp:342: void flexiblesusy::flexible_eft::match_1loop(const flexiblesusy::NUHMSSMNoFV_mass_eigenstates&, const flexiblesusy::THDMII_mass_eigenstates&, flexiblesusy::THDMII_mass_eigenstates&): Assertion `thdm_instance_1loop.get_ewsb_loop_order() == 1' failed.
3860.75949367
xt = -0
xb = 6.31528e-12
xtau = -0
---------------
run_NUHMSSMNoFV.x: models/NUHMSSMNoFV/flexible_eft/THDM-II/NUHMSSMNoFV_matching_functions_1loop.cpp:342: void flexiblesusy::flexible_eft::match_1loop(const flexiblesusy::NUHMSSMNoFV_mass_eigenstates&, const flexiblesusy::THDMII_mass_eigenstates&, flexiblesusy::THDMII_mass_eigenstates&): Assertion `thdm_instance_1loop.get_ewsb_loop_order() == 1' failed.
xt = 8.51027e-14
xb = 6.31528e-12
xtau = -0
---------------
run_NUHMSSMNoFV.x: models/NUHMSSMNoFV/flexible_eft/THDM-II/NUHMSSMNoFV_matching_functions_1loop.cpp:342: void flexiblesusy::flexible_eft::match_1loop(const flexiblesusy::NUHMSSMNoFV_mass_eigenstates&, const flexiblesusy::THDMII_mass_eigenstates&, flexiblesusy::THDMII_mass_eigenstates&): Assertion `thdm_instance_1loop.get_ewsb_loop_order() == 1' failed.
xt = 4.25513e-14
xb = -0
xtau = -5.21289e-12
---------------
run_NUHMSSMNoFV.x: models/NUHMSSMNoFV/flexible_eft/THDM-II/NUHMSSMNoFV_matching_functions_1loop.cpp:342: void flexiblesusy::flexible_eft::match_1loop(const flexiblesusy::NUHMSSMNoFV_mass_eigenstates&, const flexiblesusy::THDMII_mass_eigenstates&, flexiblesusy::THDMII_mass_eigenstates&): Assertion `thdm_instance_1loop.get_ewsb_loop_order() == 1' failed.
xt = 4.25513e-14
xb = 6.31528e-12
xtau = -0
---------------
run_NUHMSSMNoFV.x: models/NUHMSSMNoFV/flexible_eft/THDM-II/NUHMSSMNoFV_matching_functions_1loop.cpp:342: void flexiblesusy::flexible_eft::match_1loop(const flexiblesusy::NUHMSSMNoFV_mass_eigenstates&, const flexiblesusy::THDMII_mass_eigenstates&, flexiblesusy::THDMII_mass_eigenstates&): Assertion `thdm_instance_1loop.get_ewsb_loop_order() == 1' failed.
4229.11392405
4965.82278481
xt = -0
xb = -6.31528e-12
xtau = -1.04258e-11
---------------
run_NUHMSSMNoFV.x: models/NUHMSSMNoFV/flexible_eft/THDM-II/NUHMSSMNoFV_matching_functions_1loop.cpp:342: void flexiblesusy::flexible_eft::match_1loop(const flexiblesusy::NUHMSSMNoFV_mass_eigenstates&, const flexiblesusy::THDMII_mass_eigenstates&, flexiblesusy::THDMII_mass_eigenstates&): Assertion `thdm_instance_1loop.get_ewsb_loop_order() == 1' failed.
5088.60759494
xt = -8.51027e-14
xb = 6.31528e-12
xtau = -5.21289e-12
---------------
run_NUHMSSMNoFV.x: models/NUHMSSMNoFV/flexible_eft/THDM-II/NUHMSSMNoFV_matching_functions_1loop.cpp:342: void flexiblesusy::flexible_eft::match_1loop(const flexiblesusy::NUHMSSMNoFV_mass_eigenstates&, const flexiblesusy::THDMII_mass_eigenstates&, flexiblesusy::THDMII_mass_eigenstates&): Assertion `thdm_instance_1loop.get_ewsb_loop_order() == 1' failed.
4351.89873418
xt = 8.51027e-14
xb = -0
xtau = -0
---------------
run_NUHMSSMNoFV.x: models/NUHMSSMNoFV/flexible_eft/THDM-II/NUHMSSMNoFV_matching_functions_1loop.cpp:342: void flexiblesusy::flexible_eft::match_1loop(const flexiblesusy::NUHMSSMNoFV_mass_eigenstates&, const flexiblesusy::THDMII_mass_eigenstates&, flexiblesusy::THDMII_mass_eigenstates&): Assertion `thdm_instance_1loop.get_ewsb_loop_order() == 1' failed.
xt = 8.51027e-14
xb = -0
xtau = 5.21289e-12
---------------
run_NUHMSSMNoFV.x: models/NUHMSSMNoFV/flexible_eft/THDM-II/NUHMSSMNoFV_matching_functions_1loop.cpp:342: void flexiblesusy::flexible_eft::match_1loop(const flexiblesusy::NUHMSSMNoFV_mass_eigenstates&, const flexiblesusy::THDMII_mass_eigenstates&, flexiblesusy::THDMII_mass_eigenstates&): Assertion `thdm_instance_1loop.get_ewsb_loop_order() == 1' failed.
4474.6835443
xt = 8.51027e-14
xb = -6.31528e-12
xtau = -5.21289e-12
---------------
run_NUHMSSMNoFV.x: models/NUHMSSMNoFV/flexible_eft/THDM-II/NUHMSSMNoFV_matching_functions_1loop.cpp:342: void flexiblesusy::flexible_eft::match_1loop(const flexiblesusy::NUHMSSMNoFV_mass_eigenstates&, const flexiblesusy::THDMII_mass_eigenstates&, flexiblesusy::THDMII_mass_eigenstates&): Assertion `thdm_instance_1loop.get_ewsb_loop_order() == 1' failed.
4597.46835443
xt = -0
xb = -6.31528e-12
xtau = -5.21289e-12
---------------
run_NUHMSSMNoFV.x: models/NUHMSSMNoFV/flexible_eft/THDM-II/NUHMSSMNoFV_matching_functions_1loop.cpp:342: void flexiblesusy::flexible_eft::match_1loop(const flexiblesusy::NUHMSSMNoFV_mass_eigenstates&, const flexiblesusy::THDMII_mass_eigenstates&, flexiblesusy::THDMII_mass_eigenstates&): Assertion `thdm_instance_1loop.get_ewsb_loop_order() == 1' failed.
4720.25316456
xt = 8.51027e-14
xb = -0
xtau = -0
---------------
run_NUHMSSMNoFV.x: models/NUHMSSMNoFV/flexible_eft/THDM-II/NUHMSSMNoFV_matching_functions_1loop.cpp:342: void flexiblesusy::flexible_eft::match_1loop(const flexiblesusy::NUHMSSMNoFV_mass_eigenstates&, const flexiblesusy::THDMII_mass_eigenstates&, flexiblesusy::THDMII_mass_eigenstates&): Assertion `thdm_instance_1loop.get_ewsb_loop_order() == 1' failed.
4843.03797468
xt = -0
xb = 6.31528e-12
xtau = -0
---------------
run_NUHMSSMNoFV.x: models/NUHMSSMNoFV/flexible_eft/THDM-II/NUHMSSMNoFV_matching_functions_1loop.cpp:342: void flexiblesusy::flexible_eft::match_1loop(const flexiblesusy::NUHMSSMNoFV_mass_eigenstates&, const flexiblesusy::THDMII_mass_eigenstates&, flexiblesusy::THDMII_mass_eigenstates&): Assertion `thdm_instance_1loop.get_ewsb_loop_order() == 1' failed.
5211.39240506
5948.10126582
xt = 8.51027e-14
xb = 6.31528e-12
xtau = -0
---------------
run_NUHMSSMNoFV.x: models/NUHMSSMNoFV/flexible_eft/THDM-II/NUHMSSMNoFV_matching_functions_1loop.cpp:342: void flexiblesusy::flexible_eft::match_1loop(const flexiblesusy::NUHMSSMNoFV_mass_eigenstates&, const flexiblesusy::THDMII_mass_eigenstates&, flexiblesusy::THDMII_mass_eigenstates&): Assertion `thdm_instance_1loop.get_ewsb_loop_order() == 1' failed.
5334.17721519
xt = 8.51027e-14
xb = -0
xtau = -1.04258e-11
---------------
run_NUHMSSMNoFV.x: models/NUHMSSMNoFV/flexible_eft/THDM-II/NUHMSSMNoFV_matching_functions_1loop.cpp:342: void flexiblesusy::flexible_eft::match_1loop(const flexiblesusy::NUHMSSMNoFV_mass_eigenstates&, const flexiblesusy::THDMII_mass_eigenstates&, flexiblesusy::THDMII_mass_eigenstates&): Assertion `thdm_instance_1loop.get_ewsb_loop_order() == 1' failed.
6070.88607595
xt = 8.51027e-14
xb = 6.31528e-12
xtau = 1.04258e-11
---------------
run_NUHMSSMNoFV.x: models/NUHMSSMNoFV/flexible_eft/THDM-II/NUHMSSMNoFV_matching_functions_1loop.cpp:342: void flexiblesusy::flexible_eft::match_1loop(const flexiblesusy::NUHMSSMNoFV_mass_eigenstates&, const flexiblesusy::THDMII_mass_eigenstates&, flexiblesusy::THDMII_mass_eigenstates&): Assertion `thdm_instance_1loop.get_ewsb_loop_order() == 1' failed.
xt = 8.51027e-14
xb = 1.26306e-11
xtau = 1.04258e-11
---------------
run_NUHMSSMNoFV.x: models/NUHMSSMNoFV/flexible_eft/THDM-II/NUHMSSMNoFV_matching_functions_1loop.cpp:342: void flexiblesusy::flexible_eft::match_1loop(const flexiblesusy::NUHMSSMNoFV_mass_eigenstates&, const flexiblesusy::THDMII_mass_eigenstates&, flexiblesusy::THDMII_mass_eigenstates&): Assertion `thdm_instance_1loop.get_ewsb_loop_order() == 1' failed.
5456.96202532
xt = -0
xb = -6.31528e-12
xtau = -0
---------------
run_NUHMSSMNoFV.x: models/NUHMSSMNoFV/flexible_eft/THDM-II/NUHMSSMNoFV_matching_functions_1loop.cpp:342: void flexiblesusy::flexible_eft::match_1loop(const flexiblesusy::NUHMSSMNoFV_mass_eigenstates&, const flexiblesusy::THDMII_mass_eigenstates&, flexiblesusy::THDMII_mass_eigenstates&): Assertion `thdm_instance_1loop.get_ewsb_loop_order() == 1' failed.
5579.74683544
xt = 8.51027e-14
xb = 6.31528e-12
xtau = -1.04258e-11
---------------
run_NUHMSSMNoFV.x: models/NUHMSSMNoFV/flexible_eft/THDM-II/NUHMSSMNoFV_matching_functions_1loop.cpp:342: void flexiblesusy::flexible_eft::match_1loop(const flexiblesusy::NUHMSSMNoFV_mass_eigenstates&, const flexiblesusy::THDMII_mass_eigenstates&, flexiblesusy::THDMII_mass_eigenstates&): Assertion `thdm_instance_1loop.get_ewsb_loop_order() == 1' failed.
5702.53164557
xt = 8.51027e-14
xb = -0
xtau = -0
---------------
run_NUHMSSMNoFV.x: models/NUHMSSMNoFV/flexible_eft/THDM-II/NUHMSSMNoFV_matching_functions_1loop.cpp:342: void flexiblesusy::flexible_eft::match_1loop(const flexiblesusy::NUHMSSMNoFV_mass_eigenstates&, const flexiblesusy::THDMII_mass_eigenstates&, flexiblesusy::THDMII_mass_eigenstates&): Assertion `thdm_instance_1loop.get_ewsb_loop_order() == 1' failed.
5825.3164557
xt = -0
xb = -0
xtau = -1.04258e-11
---------------
run_NUHMSSMNoFV.x: models/NUHMSSMNoFV/flexible_eft/THDM-II/NUHMSSMNoFV_matching_functions_1loop.cpp:342: void flexiblesusy::flexible_eft::match_1loop(const flexiblesusy::NUHMSSMNoFV_mass_eigenstates&, const flexiblesusy::THDMII_mass_eigenstates&, flexiblesusy::THDMII_mass_eigenstates&): Assertion `thdm_instance_1loop.get_ewsb_loop_order() == 1' failed.
6193.67088608
6930.37974684
xt = -0
xb = 1.26306e-11
xtau = -0
---------------
run_NUHMSSMNoFV.x: models/NUHMSSMNoFV/flexible_eft/THDM-II/NUHMSSMNoFV_matching_functions_1loop.cpp:342: void flexiblesusy::flexible_eft::match_1loop(const flexiblesusy::NUHMSSMNoFV_mass_eigenstates&, const flexiblesusy::THDMII_mass_eigenstates&, flexiblesusy::THDMII_mass_eigenstates&): Assertion `thdm_instance_1loop.get_ewsb_loop_order() == 1' failed.
7053.16455696
xt = -0
xb = 1.26306e-11
xtau = -0
---------------
run_NUHMSSMNoFV.x: models/NUHMSSMNoFV/flexible_eft/THDM-II/NUHMSSMNoFV_matching_functions_1loop.cpp:342: void flexiblesusy::flexible_eft::match_1loop(const flexiblesusy::NUHMSSMNoFV_mass_eigenstates&, const flexiblesusy::THDMII_mass_eigenstates&, flexiblesusy::THDMII_mass_eigenstates&): Assertion `thdm_instance_1loop.get_ewsb_loop_order() == 1' failed.
6316.4556962
xt = 8.51027e-14
xb = -1.26306e-11
xtau = -1.04258e-11
---------------
run_NUHMSSMNoFV.x: models/NUHMSSMNoFV/flexible_eft/THDM-II/NUHMSSMNoFV_matching_functions_1loop.cpp:342: void flexiblesusy::flexible_eft::match_1loop(const flexiblesusy::NUHMSSMNoFV_mass_eigenstates&, const flexiblesusy::THDMII_mass_eigenstates&, flexiblesusy::THDMII_mass_eigenstates&): Assertion `thdm_instance_1loop.get_ewsb_loop_order() == 1' failed.
6439.24050633
xt = -0
xb = -0
xtau = -1.04258e-11
---------------
run_NUHMSSMNoFV.x: models/NUHMSSMNoFV/flexible_eft/THDM-II/NUHMSSMNoFV_matching_functions_1loop.cpp:342: void flexiblesusy::flexible_eft::match_1loop(const flexiblesusy::NUHMSSMNoFV_mass_eigenstates&, const flexiblesusy::THDMII_mass_eigenstates&, flexiblesusy::THDMII_mass_eigenstates&): Assertion `thdm_instance_1loop.get_ewsb_loop_order() == 1' failed.
xt = 8.51027e-14
xb = -0
xtau = -1.04258e-11
---------------
run_NUHMSSMNoFV.x: models/NUHMSSMNoFV/flexible_eft/THDM-II/NUHMSSMNoFV_matching_functions_1loop.cpp:342: void flexiblesusy::flexible_eft::match_1loop(const flexiblesusy::NUHMSSMNoFV_mass_eigenstates&, const flexiblesusy::THDMII_mass_eigenstates&, flexiblesusy::THDMII_mass_eigenstates&): Assertion `thdm_instance_1loop.get_ewsb_loop_order() == 1' failed.
6562.02531646
xt = 8.51027e-14
xb = -0
xtau = -0
---------------
run_NUHMSSMNoFV.x: models/NUHMSSMNoFV/flexible_eft/THDM-II/NUHMSSMNoFV_matching_functions_1loop.cpp:342: void flexiblesusy::flexible_eft::match_1loop(const flexiblesusy::NUHMSSMNoFV_mass_eigenstates&, const flexiblesusy::THDMII_mass_eigenstates&, flexiblesusy::THDMII_mass_eigenstates&): Assertion `thdm_instance_1loop.get_ewsb_loop_order() == 1' failed.
6684.81012658
xt = -8.51027e-14
xb = -0
xtau = -0
---------------
run_NUHMSSMNoFV.x: models/NUHMSSMNoFV/flexible_eft/THDM-II/NUHMSSMNoFV_matching_functions_1loop.cpp:342: void flexiblesusy::flexible_eft::match_1loop(const flexiblesusy::NUHMSSMNoFV_mass_eigenstates&, const flexiblesusy::THDMII_mass_eigenstates&, flexiblesusy::THDMII_mass_eigenstates&): Assertion `thdm_instance_1loop.get_ewsb_loop_order() == 1' failed.
6807.59493671
xt = 8.51027e-14
xb = 1.26306e-11
xtau = 1.04258e-11
---------------
run_NUHMSSMNoFV.x: models/NUHMSSMNoFV/flexible_eft/THDM-II/NUHMSSMNoFV_matching_functions_1loop.cpp:342: void flexiblesusy::flexible_eft::match_1loop(const flexiblesusy::NUHMSSMNoFV_mass_eigenstates&, const flexiblesusy::THDMII_mass_eigenstates&, flexiblesusy::THDMII_mass_eigenstates&): Assertion `thdm_instance_1loop.get_ewsb_loop_order() == 1' failed.
7175.94936709
7912.65822785
xt = 1.70205e-13
xb = -1.26306e-11
xtau = -0
---------------
run_NUHMSSMNoFV.x: models/NUHMSSMNoFV/flexible_eft/THDM-II/NUHMSSMNoFV_matching_functions_1loop.cpp:342: void flexiblesusy::flexible_eft::match_1loop(const flexiblesusy::NUHMSSMNoFV_mass_eigenstates&, const flexiblesusy::THDMII_mass_eigenstates&, flexiblesusy::THDMII_mass_eigenstates&): Assertion `thdm_instance_1loop.get_ewsb_loop_order() == 1' failed.
xt = 1.70205e-13
xb = -0
xtau = -0
---------------
run_NUHMSSMNoFV.x: models/NUHMSSMNoFV/flexible_eft/THDM-II/NUHMSSMNoFV_matching_functions_1loop.cpp:342: void flexiblesusy::flexible_eft::match_1loop(const flexiblesusy::NUHMSSMNoFV_mass_eigenstates&, const flexiblesusy::THDMII_mass_eigenstates&, flexiblesusy::THDMII_mass_eigenstates&): Assertion `thdm_instance_1loop.get_ewsb_loop_order() == 1' failed.
7298.73417722
8035.44303797
xt = -0
xb = -0
xtau = -1.04258e-11
---------------
run_NUHMSSMNoFV.x: models/NUHMSSMNoFV/flexible_eft/THDM-II/NUHMSSMNoFV_matching_functions_1loop.cpp:342: void flexiblesusy::flexible_eft::match_1loop(const flexiblesusy::NUHMSSMNoFV_mass_eigenstates&, const flexiblesusy::THDMII_mass_eigenstates&, flexiblesusy::THDMII_mass_eigenstates&): Assertion `thdm_instance_1loop.get_ewsb_loop_order() == 1' failed.
xt = 8.51027e-14
xb = -1.26306e-11
xtau = -0
---------------
run_NUHMSSMNoFV.x: models/NUHMSSMNoFV/flexible_eft/THDM-II/NUHMSSMNoFV_matching_functions_1loop.cpp:342: void flexiblesusy::flexible_eft::match_1loop(const flexiblesusy::NUHMSSMNoFV_mass_eigenstates&, const flexiblesusy::THDMII_mass_eigenstates&, flexiblesusy::THDMII_mass_eigenstates&): Assertion `thdm_instance_1loop.get_ewsb_loop_order() == 1' failed.
7421.51898734
xt = 8.51027e-14
xb = 1.26306e-11
xtau = -0
---------------
run_NUHMSSMNoFV.x: models/NUHMSSMNoFV/flexible_eft/THDM-II/NUHMSSMNoFV_matching_functions_1loop.cpp:342: void flexiblesusy::flexible_eft::match_1loop(const flexiblesusy::NUHMSSMNoFV_mass_eigenstates&, const flexiblesusy::THDMII_mass_eigenstates&, flexiblesusy::THDMII_mass_eigenstates&): Assertion `thdm_instance_1loop.get_ewsb_loop_order() == 1' failed.
7544.30379747
xt = 1.70205e-13
xb = 1.26306e-11
xtau = -0
---------------
run_NUHMSSMNoFV.x: models/NUHMSSMNoFV/flexible_eft/THDM-II/NUHMSSMNoFV_matching_functions_1loop.cpp:342: void flexiblesusy::flexible_eft::match_1loop(const flexiblesusy::NUHMSSMNoFV_mass_eigenstates&, const flexiblesusy::THDMII_mass_eigenstates&, flexiblesusy::THDMII_mass_eigenstates&): Assertion `thdm_instance_1loop.get_ewsb_loop_order() == 1' failed.
7667.08860759
xt = -0
xb = 1.26306e-11
xtau = -0
---------------
run_NUHMSSMNoFV.x: models/NUHMSSMNoFV/flexible_eft/THDM-II/NUHMSSMNoFV_matching_functions_1loop.cpp:342: void flexiblesusy::flexible_eft::match_1loop(const flexiblesusy::NUHMSSMNoFV_mass_eigenstates&, const flexiblesusy::THDMII_mass_eigenstates&, flexiblesusy::THDMII_mass_eigenstates&): Assertion `thdm_instance_1loop.get_ewsb_loop_order() == 1' failed.
7789.87341772
xt = -0
xb = -1.26306e-11
xtau = -2.08516e-11
---------------
run_NUHMSSMNoFV.x: models/NUHMSSMNoFV/flexible_eft/THDM-II/NUHMSSMNoFV_matching_functions_1loop.cpp:342: void flexiblesusy::flexible_eft::match_1loop(const flexiblesusy::NUHMSSMNoFV_mass_eigenstates&, const flexiblesusy::THDMII_mass_eigenstates&, flexiblesusy::THDMII_mass_eigenstates&): Assertion `thdm_instance_1loop.get_ewsb_loop_order() == 1' failed.
8158.2278481
8894.93670886
xt = -0
xb = -0
xtau = -2.08516e-11
---------------
run_NUHMSSMNoFV.x: models/NUHMSSMNoFV/flexible_eft/THDM-II/NUHMSSMNoFV_matching_functions_1loop.cpp:342: void flexiblesusy::flexible_eft::match_1loop(const flexiblesusy::NUHMSSMNoFV_mass_eigenstates&, const flexiblesusy::THDMII_mass_eigenstates&, flexiblesusy::THDMII_mass_eigenstates&): Assertion `thdm_instance_1loop.get_ewsb_loop_order() == 1' failed.
xt = -0
xb = 1.26306e-11
xtau = -0
---------------
9017.72151899
run_NUHMSSMNoFV.x: models/NUHMSSMNoFV/flexible_eft/THDM-II/NUHMSSMNoFV_matching_functions_1loop.cpp:342: void flexiblesusy::flexible_eft::match_1loop(const flexiblesusy::NUHMSSMNoFV_mass_eigenstates&, const flexiblesusy::THDMII_mass_eigenstates&, flexiblesusy::THDMII_mass_eigenstates&): Assertion `thdm_instance_1loop.get_ewsb_loop_order() == 1' failed.
8281.01265823
xt = -0
xb = 1.26306e-11
xtau = -1.04258e-11
---------------
run_NUHMSSMNoFV.x: models/NUHMSSMNoFV/flexible_eft/THDM-II/NUHMSSMNoFV_matching_functions_1loop.cpp:342: void flexiblesusy::flexible_eft::match_1loop(const flexiblesusy::NUHMSSMNoFV_mass_eigenstates&, const flexiblesusy::THDMII_mass_eigenstates&, flexiblesusy::THDMII_mass_eigenstates&): Assertion `thdm_instance_1loop.get_ewsb_loop_order() == 1' failed.
8403.79746835
xt = -0
xb = -1.26306e-11
xtau = -0
---------------
run_NUHMSSMNoFV.x: models/NUHMSSMNoFV/flexible_eft/THDM-II/NUHMSSMNoFV_matching_functions_1loop.cpp:342: void flexiblesusy::flexible_eft::match_1loop(const flexiblesusy::NUHMSSMNoFV_mass_eigenstates&, const flexiblesusy::THDMII_mass_eigenstates&, flexiblesusy::THDMII_mass_eigenstates&): Assertion `thdm_instance_1loop.get_ewsb_loop_order() == 1' failed.
xt = -0
xb = -0
xtau = 1.04258e-11
---------------
run_NUHMSSMNoFV.x: models/NUHMSSMNoFV/flexible_eft/THDM-II/NUHMSSMNoFV_matching_functions_1loop.cpp:342: void flexiblesusy::flexible_eft::match_1loop(const flexiblesusy::NUHMSSMNoFV_mass_eigenstates&, const flexiblesusy::THDMII_mass_eigenstates&, flexiblesusy::THDMII_mass_eigenstates&): Assertion `thdm_instance_1loop.get_ewsb_loop_order() == 1' failed.
8526.58227848
xt = 1.70205e-13
xb = -0
xtau = 1.04258e-11
---------------
run_NUHMSSMNoFV.x: models/NUHMSSMNoFV/flexible_eft/THDM-II/NUHMSSMNoFV_matching_functions_1loop.cpp:342: void flexiblesusy::flexible_eft::match_1loop(const flexiblesusy::NUHMSSMNoFV_mass_eigenstates&, const flexiblesusy::THDMII_mass_eigenstates&, flexiblesusy::THDMII_mass_eigenstates&): Assertion `thdm_instance_1loop.get_ewsb_loop_order() == 1' failed.
8649.36708861
xt = -0
xb = 1.26306e-11
xtau = 1.04258e-11
---------------
run_NUHMSSMNoFV.x: models/NUHMSSMNoFV/flexible_eft/THDM-II/NUHMSSMNoFV_matching_functions_1loop.cpp:342: void flexiblesusy::flexible_eft::match_1loop(const flexiblesusy::NUHMSSMNoFV_mass_eigenstates&, const flexiblesusy::THDMII_mass_eigenstates&, flexiblesusy::THDMII_mass_eigenstates&): Assertion `thdm_instance_1loop.get_ewsb_loop_order() == 1' failed.
8772.15189873
xt = 1.70205e-13
xb = 1.26306e-11
xtau = -0
---------------
run_NUHMSSMNoFV.x: models/NUHMSSMNoFV/flexible_eft/THDM-II/NUHMSSMNoFV_matching_functions_1loop.cpp:342: void flexiblesusy::flexible_eft::match_1loop(const flexiblesusy::NUHMSSMNoFV_mass_eigenstates&, const flexiblesusy::THDMII_mass_eigenstates&, flexiblesusy::THDMII_mass_eigenstates&): Assertion `thdm_instance_1loop.get_ewsb_loop_order() == 1' failed.
9140.50632911
9877.21518987
xt = 1.70205e-13
xb = -0
xtau = -0
---------------
run_NUHMSSMNoFV.x: models/NUHMSSMNoFV/flexible_eft/THDM-II/NUHMSSMNoFV_matching_functions_1loop.cpp:342: void flexiblesusy::flexible_eft::match_1loop(const flexiblesusy::NUHMSSMNoFV_mass_eigenstates&, const flexiblesusy::THDMII_mass_eigenstates&, flexiblesusy::THDMII_mass_eigenstates&): Assertion `thdm_instance_1loop.get_ewsb_loop_order() == 1' failed.
xt = 1.70205e-13
xb = -0
xtau = -2.08516e-11
---------------
run_NUHMSSMNoFV.x: models/NUHMSSMNoFV/flexible_eft/THDM-II/NUHMSSMNoFV_matching_functions_1loop.cpp:342: void flexiblesusy::flexible_eft::match_1loop(const flexiblesusy::NUHMSSMNoFV_mass_eigenstates&, const flexiblesusy::THDMII_mass_eigenstates&, flexiblesusy::THDMII_mass_eigenstates&): Assertion `thdm_instance_1loop.get_ewsb_loop_order() == 1' failed.
9263.29113924
10000.0
xt = 1.70205e-13
xb = 1.26306e-11
xtau = -0
---------------
run_NUHMSSMNoFV.x: models/NUHMSSMNoFV/flexible_eft/THDM-II/NUHMSSMNoFV_matching_functions_1loop.cpp:342: void flexiblesusy::flexible_eft::match_1loop(const flexiblesusy::NUHMSSMNoFV_mass_eigenstates&, const flexiblesusy::THDMII_mass_eigenstates&, flexiblesusy::THDMII_mass_eigenstates&): Assertion `thdm_instance_1loop.get_ewsb_loop_order() == 1' failed.
9386.07594937
xt = -0
xb = 1.26306e-11
xtau = -0
---------------
run_NUHMSSMNoFV.x: models/NUHMSSMNoFV/flexible_eft/THDM-II/NUHMSSMNoFV_matching_functions_1loop.cpp:342: void flexiblesusy::flexible_eft::match_1loop(const flexiblesusy::NUHMSSMNoFV_mass_eigenstates&, const flexiblesusy::THDMII_mass_eigenstates&, flexiblesusy::THDMII_mass_eigenstates&): Assertion `thdm_instance_1loop.get_ewsb_loop_order() == 1' failed.
xt = 1.70205e-13
xb = 1.26306e-11
xtau = 1.04258e-11
---------------
run_NUHMSSMNoFV.x: models/NUHMSSMNoFV/flexible_eft/THDM-II/NUHMSSMNoFV_matching_functions_1loop.cpp:342: void flexiblesusy::flexible_eft::match_1loop(const flexiblesusy::NUHMSSMNoFV_mass_eigenstates&, const flexiblesusy::THDMII_mass_eigenstates&, flexiblesusy::THDMII_mass_eigenstates&): Assertion `thdm_instance_1loop.get_ewsb_loop_order() == 1' failed.
9508.86075949
xt = 1.70205e-13
xb = 1.26306e-11
xtau = 2.08516e-11
---------------
run_NUHMSSMNoFV.x: models/NUHMSSMNoFV/flexible_eft/THDM-II/NUHMSSMNoFV_matching_functions_1loop.cpp:342: void flexiblesusy::flexible_eft::match_1loop(const flexiblesusy::NUHMSSMNoFV_mass_eigenstates&, const flexiblesusy::THDMII_mass_eigenstates&, flexiblesusy::THDMII_mass_eigenstates&): Assertion `thdm_instance_1loop.get_ewsb_loop_order() == 1' failed.
9631.64556962
xt = -0
xb = -2.52611e-11
xtau = -2.08516e-11
---------------
run_NUHMSSMNoFV.x: models/NUHMSSMNoFV/flexible_eft/THDM-II/NUHMSSMNoFV_matching_functions_1loop.cpp:342: void flexiblesusy::flexible_eft::match_1loop(const flexiblesusy::NUHMSSMNoFV_mass_eigenstates&, const flexiblesusy::THDMII_mass_eigenstates&, flexiblesusy::THDMII_mass_eigenstates&): Assertion `thdm_instance_1loop.get_ewsb_loop_order() == 1' failed.
9754.43037975
xt = -0
xb = -1.26306e-11
xtau = -0
---------------
run_NUHMSSMNoFV.x: models/NUHMSSMNoFV/flexible_eft/THDM-II/NUHMSSMNoFV_matching_functions_1loop.cpp:342: void flexiblesusy::flexible_eft::match_1loop(const flexiblesusy::NUHMSSMNoFV_mass_eigenstates&, const flexiblesusy::THDMII_mass_eigenstates&, flexiblesusy::THDMII_mass_eigenstates&): Assertion `thdm_instance_1loop.get_ewsb_loop_order() == 1' failed.
