Module mathematica/10.0 unloaded.
Module mathematica/10.0 loaded.
Module gcc/7.1.0 unloaded.
Module gcc/7.1.0 loaded.
Module boost/1.65.1-gnu7.1-intelmpi2018 and 2 dependencies unloaded.
Module boost/1.65.1-gnu7.1-intelmpi2018 and 2 dependencies loaded.
Module eigen/3.3.3 unloaded.
Module eigen/3.3.3 loaded.
Module gsl/1.16 unloaded.
Module gsl/1.16 loaded.
(100.0, 5.0, 250000.0, -20.0)
run_NUHMSSMNoFV.x: models/NUHMSSMNoFV/flexible_eft/THDM-II/NUHMSSMNoFV_matching_functions_1loop.cpp:798: void flexiblesusy::flexible_eft::match_1loop(const flexiblesusy::NUHMSSMNoFV_mass_eigenstates&, const flexiblesusy::THDMII_mass_eigenstates&, flexiblesusy::THDMII_mass_eigenstates&): Assertion `v1_1loop > 0' failed.
(119.3776641714437, 5.0, 250000.0, -23.875532834288741)
run_NUHMSSMNoFV.x: models/NUHMSSMNoFV/flexible_eft/THDM-II/NUHMSSMNoFV_matching_functions_1loop.cpp:798: void flexiblesusy::flexible_eft::match_1loop(const flexiblesusy::NUHMSSMNoFV_mass_eigenstates&, const flexiblesusy::THDMII_mass_eigenstates&, flexiblesusy::THDMII_mass_eigenstates&): Assertion `v1_1loop > 0' failed.
(142.51026703029979, 5.0, 250000.0, -28.502053406059957)
run_NUHMSSMNoFV.x: models/NUHMSSMNoFV/flexible_eft/THDM-II/NUHMSSMNoFV_matching_functions_1loop.cpp:798: void flexiblesusy::flexible_eft::match_1loop(const flexiblesusy::NUHMSSMNoFV_mass_eigenstates&, const flexiblesusy::THDMII_mass_eigenstates&, flexiblesusy::THDMII_mass_eigenstates&): Assertion `v1_1loop > 0' failed.
(170.12542798525891, 5.0, 250000.0, -34.025085597051785)
run_NUHMSSMNoFV.x: models/NUHMSSMNoFV/flexible_eft/THDM-II/NUHMSSMNoFV_matching_functions_1loop.cpp:798: void flexiblesusy::flexible_eft::match_1loop(const flexiblesusy::NUHMSSMNoFV_mass_eigenstates&, const flexiblesusy::THDMII_mass_eigenstates&, flexiblesusy::THDMII_mass_eigenstates&): Assertion `v1_1loop > 0' failed.
(203.09176209047348, 5.0, 250000.0, -40.618352418094695)
run_NUHMSSMNoFV.x: models/NUHMSSMNoFV/flexible_eft/THDM-II/NUHMSSMNoFV_matching_functions_1loop.cpp:798: void flexiblesusy::flexible_eft::match_1loop(const flexiblesusy::NUHMSSMNoFV_mass_eigenstates&, const flexiblesusy::THDMII_mass_eigenstates&, flexiblesusy::THDMII_mass_eigenstates&): Assertion `v1_1loop > 0' failed.
(242.44620170823282, 5.0, 250000.0, -48.489240341646564)
slurmstepd: error: *** JOB 16101311 ON taurusi6604 CANCELLED AT 2018-05-22T15:45:49 ***
